Arguments: 
  /Users/renodubois/.nvm/versions/node/v13.8.0/bin/node /usr/local/Cellar/yarn/1.22.0/libexec/bin/yarn.js add @types/discord.js

PATH: 
  /Users/renodubois/.nvm/versions/node/v13.8.0/bin:/usr/local/bin:/usr/bin:/bin:/usr/sbin:/sbin:/Library/TeX/texbin:/usr/local/go/bin:/opt/X11/bin:/Library/Frameworks/Mono.framework/Versions/Current/Commands

Yarn version: 
  1.22.0

Node version: 
  13.8.0

Platform: 
  darwin x64

Trace: 
  Error: https://registry.yarnpkg.com/@types%2fdiscord.js: Not found
      at Request.params.callback [as _callback] (/usr/local/Cellar/yarn/1.22.0/libexec/lib/cli.js:66975:18)
      at Request.self.callback (/usr/local/Cellar/yarn/1.22.0/libexec/lib/cli.js:140727:22)
      at Request.emit (events.js:321:20)
      at Request.<anonymous> (/usr/local/Cellar/yarn/1.22.0/libexec/lib/cli.js:141699:10)
      at Request.emit (events.js:321:20)
      at IncomingMessage.<anonymous> (/usr/local/Cellar/yarn/1.22.0/libexec/lib/cli.js:141621:12)
      at Object.onceWrapper (events.js:427:28)
      at IncomingMessage.emit (events.js:333:22)
      at endReadableNT (_stream_readable.js:1201:12)
      at processTicksAndRejections (internal/process/task_queues.js:84:21)

npm manifest: 
  {
    "name": "jar-of-salsa",
    "version": "1.0.0",
    "main": "index.js",
    "license": "MIT",
    "dependencies": {
      "@types/node": "^13.7.1",
      "discord.js": "^11.5.1",
      "typescript": "^3.7.5"
    },
    "scripts": {
      "build": "tsc",
      "start": "node index.js"
    }
  }

yarn manifest: 
  No manifest

Lockfile: 
  # THIS IS AN AUTOGENERATED FILE. DO NOT EDIT THIS FILE DIRECTLY.
  # yarn lockfile v1
  
  
  "@types/node@^13.7.1":
    version "13.7.1"
    resolved "https://registry.yarnpkg.com/@types/node/-/node-13.7.1.tgz#238eb34a66431b71d2aaddeaa7db166f25971a0d"
    integrity sha512-Zq8gcQGmn4txQEJeiXo/KiLpon8TzAl0kmKH4zdWctPj05nWwp1ClMdAVEloqrQKfaC48PNLdgN/aVaLqUrluA==
  
  async-limiter@~1.0.0:
    version "1.0.1"
    resolved "https://registry.yarnpkg.com/async-limiter/-/async-limiter-1.0.1.tgz#dd379e94f0db8310b08291f9d64c3209766617fd"
    integrity sha512-csOlWGAcRFJaI6m+F2WKdnMKr4HhdhFVBk0H/QbJFMCr+uO2kwohwXQPxw/9OCxp05r5ghVBFSyioixx3gfkNQ==
  
  discord.js@^11.5.1:
    version "11.5.1"
    resolved "https://registry.yarnpkg.com/discord.js/-/discord.js-11.5.1.tgz#910fb9f6410328581093e044cafb661783a4d9e8"
    integrity sha512-tGhV5xaZXE3Z+4uXJb3hYM6gQ1NmnSxp9PClcsSAYFVRzH6AJH74040mO3afPDMWEAlj8XsoPXXTJHTxesqcGw==
    dependencies:
      long "^4.0.0"
      prism-media "^0.0.3"
      snekfetch "^3.6.4"
      tweetnacl "^1.0.0"
      ws "^6.0.0"
  
  long@^4.0.0:
    version "4.0.0"
    resolved "https://registry.yarnpkg.com/long/-/long-4.0.0.tgz#9a7b71cfb7d361a194ea555241c92f7468d5bf28"
    integrity sha512-XsP+KhQif4bjX1kbuSiySJFNAehNxgLb6hPRGJ9QsUr8ajHkuXGdrHmFUTUUXhDwVX2R5bY4JNZEwbUiMhV+MA==
  
  prism-media@^0.0.3:
    version "0.0.3"
    resolved "https://registry.yarnpkg.com/prism-media/-/prism-media-0.0.3.tgz#8842d4fae804f099d3b48a9a38e3c2bab6f4855b"
    integrity sha512-c9KkNifSMU/iXT8FFTaBwBMr+rdVcN+H/uNv1o+CuFeTThNZNTOrQ+RgXA1yL/DeLk098duAeRPP3QNPNbhxYQ==
  
  snekfetch@^3.6.4:
    version "3.6.4"
    resolved "https://registry.yarnpkg.com/snekfetch/-/snekfetch-3.6.4.tgz#d13e80a616d892f3d38daae4289f4d258a645120"
    integrity sha512-NjxjITIj04Ffqid5lqr7XdgwM7X61c/Dns073Ly170bPQHLm6jkmelye/eglS++1nfTWktpP6Y2bFXjdPlQqdw==
  
  tweetnacl@^1.0.0:
    version "1.0.3"
    resolved "https://registry.yarnpkg.com/tweetnacl/-/tweetnacl-1.0.3.tgz#ac0af71680458d8a6378d0d0d050ab1407d35596"
    integrity sha512-6rt+RN7aOi1nGMyC4Xa5DdYiukl2UWCbcJft7YhxReBGQD7OAM8Pbxw6YMo4r2diNEA8FEmu32YOn9rhaiE5yw==
  
  typescript@^3.7.5:
    version "3.7.5"
    resolved "https://registry.yarnpkg.com/typescript/-/typescript-3.7.5.tgz#0692e21f65fd4108b9330238aac11dd2e177a1ae"
    integrity sha512-/P5lkRXkWHNAbcJIiHPfRoKqyd7bsyCma1hZNUGfn20qm64T6ZBlrzprymeu918H+mB/0rIg2gGK/BXkhhYgBw==
  
  ws@^6.0.0:
    version "6.2.1"
    resolved "https://registry.yarnpkg.com/ws/-/ws-6.2.1.tgz#442fdf0a47ed64f59b6a5d8ff130f4748ed524fb"
    integrity sha512-GIyAXC2cB7LjvpgMt9EKS2ldqr0MTrORaleiOno6TweZ6r3TKtoFQWay/2PceJ3RuBasOHzXNn5Lrw1X0bEjqA==
    dependencies:
      async-limiter "~1.0.0"
